[1216/143606.180:ERROR:registration_protocol_win.cc(130)] TransactNamedPipe: O pipe foi finalizado. (0x6D)
[1216/143912.026:ERROR:registration_protocol_win.cc(130)] TransactNamedPipe: O pipe foi finalizado. (0x6D)
[1216/144339.846:ERROR:registration_protocol_win.cc(130)] TransactNamedPipe: O pipe foi finalizado. (0x6D)
[1216/144713.836:ERROR:registration_protocol_win.cc(130)] TransactNamedPipe: O pipe foi finalizado. (0x6D)
[1216/145038.073:ERROR:registration_protocol_win.cc(130)] TransactNamedPipe: O pipe foi finalizado. (0x6D)
[1216/145858.953:ERROR:registration_protocol_win.cc(130)] TransactNamedPipe: O pipe foi finalizado. (0x6D)
[1216/151314.957:ERROR:registration_protocol_win.cc(130)] TransactNamedPipe: O pipe foi finalizado. (0x6D)
[1216/151621.656:ERROR:crashpad_client_win.cc(131)] crash server failed to launch, self-terminating
[1216/151646.085:ERROR:registration_protocol_win.cc(130)] TransactNamedPipe: O pipe foi finalizado. (0x6D)
[1216/151808.947:ERROR:registration_protocol_win.cc(130)] TransactNamedPipe: O pipe foi finalizado. (0x6D)
[1216/152254.057:ERROR:registration_protocol_win.cc(130)] TransactNamedPipe: O pipe foi finalizado. (0x6D)
[1216/213552.488:ERROR:registration_protocol_win.cc(130)] TransactNamedPipe: O pipe foi finalizado. (0x6D)
[1216/213939.265:ERROR:registration_protocol_win.cc(130)] TransactNamedPipe: O pipe foi finalizado. (0x6D)
[1216/214753.128:ERROR:registration_protocol_win.cc(130)] TransactNamedPipe: O pipe foi finalizado. (0x6D)
[1216/215059.403:ERROR:registration_protocol_win.cc(130)] TransactNamedPipe: O pipe foi finalizado. (0x6D)
[1216/215507.860:ERROR:registration_protocol_win.cc(130)] TransactNamedPipe: O pipe foi finalizado. (0x6D)
[1216/215826.424:ERROR:registration_protocol_win.cc(130)] TransactNamedPipe: O pipe foi finalizado. (0x6D)
[1216/220116.175:ERROR:registration_protocol_win.cc(130)] TransactNamedPipe: O pipe foi finalizado. (0x6D)
[1217/081432.869:ERROR:registration_protocol_win.cc(130)] TransactNamedPipe: O pipe foi finalizado. (0x6D)
[1217/081609.080:ERROR:registration_protocol_win.cc(130)] TransactNamedPipe: O pipe foi finalizado. (0x6D)
[1217/081724.482:ERROR:registration_protocol_win.cc(130)] TransactNamedPipe: O pipe foi finalizado. (0x6D)
[1217/081830.765:ERROR:registration_protocol_win.cc(130)] TransactNamedPipe: O pipe foi finalizado. (0x6D)
[1217/082117.657:ERROR:registration_protocol_win.cc(130)] TransactNamedPipe: O pipe foi finalizado. (0x6D)
[1217/084345.386:ERROR:registration_protocol_win.cc(130)] TransactNamedPipe: O pipe foi finalizado. (0x6D)
[1217/084629.897:ERROR:registration_protocol_win.cc(130)] TransactNamedPipe: O pipe foi finalizado. (0x6D)
[1217/085049.492:ERROR:registration_protocol_win.cc(130)] TransactNamedPipe: O pipe foi finalizado. (0x6D)
[1217/085952.225:ERROR:registration_protocol_win.cc(130)] TransactNamedPipe: O pipe foi finalizado. (0x6D)
[1217/090126.660:ERROR:registration_protocol_win.cc(130)] TransactNamedPipe: O pipe foi finalizado. (0x6D)
[1217/090930.863:ERROR:registration_protocol_win.cc(130)] TransactNamedPipe: O pipe foi finalizado. (0x6D)
[1217/091119.818:ERROR:registration_protocol_win.cc(130)] TransactNamedPipe: O pipe foi finalizado. (0x6D)
[1217/091646.548:ERROR:registration_protocol_win.cc(130)] TransactNamedPipe: O pipe foi finalizado. (0x6D)
[1217/092051.715:ERROR:registration_protocol_win.cc(130)] TransactNamedPipe: O pipe foi finalizado. (0x6D)
[1217/092312.217:ERROR:registration_protocol_win.cc(130)] TransactNamedPipe: O pipe foi finalizado. (0x6D)
[1217/092726.733:ERROR:registration_protocol_win.cc(130)] TransactNamedPipe: O pipe foi finalizado. (0x6D)
[1218/080121.880:ERROR:registration_protocol_win.cc(130)] TransactNamedPipe: O pipe foi finalizado. (0x6D)
[1218/082858.258:ERROR:registration_protocol_win.cc(130)] TransactNamedPipe: O pipe foi finalizado. (0x6D)
[1218/083225.761:ERROR:registration_protocol_win.cc(130)] TransactNamedPipe: O pipe foi finalizado. (0x6D)
[1218/084034.080:ERROR:registration_protocol_win.cc(130)] TransactNamedPipe: O pipe foi finalizado. (0x6D)
[1218/084456.851:ERROR:registration_protocol_win.cc(130)] TransactNamedPipe: O pipe foi finalizado. (0x6D)
[1218/084716.186:ERROR:registration_protocol_win.cc(130)] TransactNamedPipe: O pipe foi finalizado. (0x6D)
[1218/085026.831:ERROR:registration_protocol_win.cc(130)] TransactNamedPipe: O pipe foi finalizado. (0x6D)
[1218/085707.451:ERROR:registration_protocol_win.cc(130)] TransactNamedPipe: O pipe foi finalizado. (0x6D)
[1218/085932.374:ERROR:registration_protocol_win.cc(130)] TransactNamedPipe: O pipe foi finalizado. (0x6D)
[1218/090257.378:ERROR:registration_protocol_win.cc(130)] TransactNamedPipe: O pipe foi finalizado. (0x6D)
[1218/090515.043:ERROR:registration_protocol_win.cc(130)] TransactNamedPipe: O pipe foi finalizado. (0x6D)
[1218/090721.019:ERROR:registration_protocol_win.cc(130)] TransactNamedPipe: O pipe foi finalizado. (0x6D)
[1221/080644.001:ERROR:registration_protocol_win.cc(130)] TransactNamedPipe: O pipe foi finalizado. (0x6D)
[1221/105215.158:ERROR:registration_protocol_win.cc(130)] TransactNamedPipe: O pipe foi finalizado. (0x6D)
[1221/105304.849:ERROR:registration_protocol_win.cc(130)] TransactNamedPipe: O pipe foi finalizado. (0x6D)
[1221/122013.796:ERROR:registration_protocol_win.cc(130)] TransactNamedPipe: O pipe foi finalizado. (0x6D)
[1221/122047.182:ERROR:crashpad_client_win.cc(131)] crash server failed to launch, self-terminating
[1221/124246.377:ERROR:registration_protocol_win.cc(130)] TransactNamedPipe: O pipe foi finalizado. (0x6D)
[1221/124351.330:ERROR:registration_protocol_win.cc(130)] TransactNamedPipe: O pipe foi finalizado. (0x6D)
[1221/124522.695:ERROR:registration_protocol_win.cc(130)] TransactNamedPipe: O pipe foi finalizado. (0x6D)
[1221/124643.463:ERROR:registration_protocol_win.cc(130)] TransactNamedPipe: O pipe foi finalizado. (0x6D)
[1221/124818.577:ERROR:exit_code_watcher_win.cc(87)] Failed to wait for process exit or stop event
[1221/124818.602:ERROR:registration_protocol_win.cc(130)] TransactNamedPipe: O pipe foi finalizado. (0x6D)
[1221/140342.537:ERROR:registration_protocol_win.cc(130)] TransactNamedPipe: O pipe foi finalizado. (0x6D)
[1221/140708.926:ERROR:registration_protocol_win.cc(130)] TransactNamedPipe: O pipe foi finalizado. (0x6D)
[1221/141129.961:ERROR:registration_protocol_win.cc(130)] TransactNamedPipe: O pipe foi finalizado. (0x6D)
[1221/141232.340:ERROR:registration_protocol_win.cc(130)] TransactNamedPipe: O pipe foi finalizado. (0x6D)
[1221/142159.886:ERROR:registration_protocol_win.cc(130)] TransactNamedPipe: O pipe foi finalizado. (0x6D)
[1221/142429.342:ERROR:registration_protocol_win.cc(130)] TransactNamedPipe: O pipe foi finalizado. (0x6D)
[1221/142559.174:ERROR:registration_protocol_win.cc(130)] TransactNamedPipe: O pipe foi finalizado. (0x6D)
[1221/142844.205:ERROR:registration_protocol_win.cc(130)] TransactNamedPipe: O pipe foi finalizado. (0x6D)
[1221/143155.286:ERROR:registration_protocol_win.cc(130)] TransactNamedPipe: O pipe foi finalizado. (0x6D)
[1221/143333.477:ERROR:registration_protocol_win.cc(130)] TransactNamedPipe: O pipe foi finalizado. (0x6D)
[1221/144249.280:ERROR:registration_protocol_win.cc(130)] TransactNamedPipe: O pipe foi finalizado. (0x6D)
[1221/144333.140:ERROR:crashpad_client_win.cc(131)] crash server failed to launch, self-terminating
[1221/144352.158:ERROR:registration_protocol_win.cc(130)] TransactNamedPipe: O pipe foi finalizado. (0x6D)
[1221/145600.115:ERROR:registration_protocol_win.cc(130)] TransactNamedPipe: O pipe foi finalizado. (0x6D)
[1221/145809.555:ERROR:registration_protocol_win.cc(130)] TransactNamedPipe: O pipe foi finalizado. (0x6D)
[1221/161327.688:ERROR:registration_protocol_win.cc(130)] TransactNamedPipe: O pipe foi finalizado. (0x6D)
[1221/162122.988:ERROR:registration_protocol_win.cc(130)] TransactNamedPipe: O pipe foi finalizado. (0x6D)
[1221/164723.588:ERROR:registration_protocol_win.cc(130)] TransactNamedPipe: O pipe foi finalizado. (0x6D)
[1221/165722.648:ERROR:registration_protocol_win.cc(130)] TransactNamedPipe: O pipe foi finalizado. (0x6D)
[1221/165751.887:ERROR:crashpad_client_win.cc(131)] crash server failed to launch, self-terminating
[1221/173142.472:ERROR:registration_protocol_win.cc(130)] TransactNamedPipe: O pipe foi finalizado. (0x6D)
[1221/173740.328:ERROR:registration_protocol_win.cc(130)] TransactNamedPipe: O pipe foi finalizado. (0x6D)
[1221/174002.856:ERROR:registration_protocol_win.cc(130)] TransactNamedPipe: O pipe foi finalizado. (0x6D)
[1221/174400.049:ERROR:registration_protocol_win.cc(130)] TransactNamedPipe: O pipe foi finalizado. (0x6D)
[1221/174443.780:ERROR:registration_protocol_win.cc(130)] TransactNamedPipe: O pipe foi finalizado. (0x6D)
[1221/174511.937:ERROR:crashpad_client_win.cc(131)] crash server failed to launch, self-terminating
[1221/174723.001:ERROR:registration_protocol_win.cc(130)] TransactNamedPipe: O pipe foi finalizado. (0x6D)
[1221/174729.198:ERROR:registration_protocol_win.cc(130)] TransactNamedPipe: O pipe foi finalizado. (0x6D)
[1221/175106.580:ERROR:registration_protocol_win.cc(130)] TransactNamedPipe: O pipe foi finalizado. (0x6D)
[1221/175113.688:ERROR:registration_protocol_win.cc(130)] TransactNamedPipe: O pipe foi finalizado. (0x6D)
[1221/175245.449:ERROR:registration_protocol_win.cc(130)] TransactNamedPipe: O pipe foi finalizado. (0x6D)
[1221/175644.947:ERROR:registration_protocol_win.cc(130)] TransactNamedPipe: O pipe foi finalizado. (0x6D)
[1221/175947.496:ERROR:registration_protocol_win.cc(130)] TransactNamedPipe: O pipe foi finalizado. (0x6D)
[1221/180436.601:ERROR:registration_protocol_win.cc(130)] TransactNamedPipe: O pipe foi finalizado. (0x6D)
[1221/181256.413:ERROR:registration_protocol_win.cc(130)] TransactNamedPipe: O pipe foi finalizado. (0x6D)
[1221/195627.425:ERROR:registration_protocol_win.cc(130)] TransactNamedPipe: O pipe foi finalizado. (0x6D)
[1221/202256.817:ERROR:registration_protocol_win.cc(130)] TransactNamedPipe: O pipe foi finalizado. (0x6D)
[1221/202636.601:ERROR:registration_protocol_win.cc(130)] TransactNamedPipe: O pipe foi finalizado. (0x6D)
[1221/202831.671:ERROR:registration_protocol_win.cc(130)] TransactNamedPipe: O pipe foi finalizado. (0x6D)
[1221/202928.068:ERROR:registration_protocol_win.cc(130)] TransactNamedPipe: O pipe foi finalizado. (0x6D)
[1221/204003.560:ERROR:registration_protocol_win.cc(130)] TransactNamedPipe: O pipe foi finalizado. (0x6D)
[1221/204233.784:ERROR:registration_protocol_win.cc(130)] TransactNamedPipe: O pipe foi finalizado. (0x6D)
[1221/204647.142:ERROR:exit_code_watcher_win.cc(87)] Failed to wait for process exit or stop event
[1221/204647.174:ERROR:registration_protocol_win.cc(130)] TransactNamedPipe: O pipe foi finalizado. (0x6D)
[1221/205719.523:ERROR:registration_protocol_win.cc(130)] TransactNamedPipe: O pipe foi finalizado. (0x6D)
[1221/210948.111:ERROR:registration_protocol_win.cc(130)] TransactNamedPipe: O pipe foi finalizado. (0x6D)
[1221/211444.912:ERROR:registration_protocol_win.cc(130)] TransactNamedPipe: O pipe foi finalizado. (0x6D)
[1221/212828.382:ERROR:registration_protocol_win.cc(130)] TransactNamedPipe: O pipe foi finalizado. (0x6D)
[1221/213314.207:ERROR:registration_protocol_win.cc(130)] TransactNamedPipe: O pipe foi finalizado. (0x6D)
[1221/213750.105:ERROR:registration_protocol_win.cc(130)] TransactNamedPipe: O pipe foi finalizado. (0x6D)
[1221/214531.038:ERROR:registration_protocol_win.cc(130)] TransactNamedPipe: O pipe foi finalizado. (0x6D)
[1221/214933.571:ERROR:registration_protocol_win.cc(130)] TransactNamedPipe: O pipe foi finalizado. (0x6D)
[1221/215205.778:ERROR:registration_protocol_win.cc(130)] TransactNamedPipe: O pipe foi finalizado. (0x6D)
[1221/215733.222:ERROR:registration_protocol_win.cc(130)] TransactNamedPipe: O pipe foi finalizado. (0x6D)
[1221/220150.011:ERROR:registration_protocol_win.cc(130)] TransactNamedPipe: O pipe foi finalizado. (0x6D)
[1222/142739.500:ERROR:registration_protocol_win.cc(130)] TransactNamedPipe: O pipe foi finalizado. (0x6D)
[1222/143128.236:ERROR:registration_protocol_win.cc(130)] TransactNamedPipe: O pipe foi finalizado. (0x6D)
[1222/143646.615:ERROR:registration_protocol_win.cc(130)] TransactNamedPipe: O pipe foi finalizado. (0x6D)
[1222/144307.669:ERROR:registration_protocol_win.cc(130)] TransactNamedPipe: O pipe foi finalizado. (0x6D)
[1222/145725.493:ERROR:registration_protocol_win.cc(130)] TransactNamedPipe: O pipe foi finalizado. (0x6D)
[1222/161006.052:ERROR:registration_protocol_win.cc(130)] TransactNamedPipe: O pipe foi finalizado. (0x6D)
[1222/163153.944:ERROR:registration_protocol_win.cc(130)] TransactNamedPipe: O pipe foi finalizado. (0x6D)
[1222/172739.493:ERROR:registration_protocol_win.cc(130)] TransactNamedPipe: O pipe foi finalizado. (0x6D)
[1222/173641.433:ERROR:registration_protocol_win.cc(130)] TransactNamedPipe: O pipe foi finalizado. (0x6D)
[1228/205605.058:ERROR:registration_protocol_win.cc(130)] TransactNamedPipe: O pipe foi finalizado. (0x6D)
[0113/155458.591:ERROR:process_reader_win.cc(123)] NtOpenThread: {Acesso Negado} Um processo solicitou acesso a um objeto, mas o direito de acesso não lhe foi concedido. (0xc0000022)
[0113/155458.882:ERROR:exception_snapshot_win.cc(99)] thread ID 18488 not found in process
[0113/155458.882:ERROR:scoped_process_suspend.cc(40)] NtResumeProcess: Tentou-se acessar um processo de saída. (0xc000010a)
[0113/155720.918:ERROR:process_reader_win.cc(123)] NtOpenThread: {Acesso Negado} Um processo solicitou acesso a um objeto, mas o direito de acesso não lhe foi concedido. (0xc0000022)
[0113/155721.052:ERROR:exception_snapshot_win.cc(99)] thread ID 3884 not found in process
[0113/155721.453:ERROR:process_reader_win.cc(123)] NtOpenThread: {Acesso Negado} Um processo solicitou acesso a um objeto, mas o direito de acesso não lhe foi concedido. (0xc0000022)
[0113/155721.453:ERROR:exception_snapshot_win.cc(99)] thread ID 18568 not found in process
[0120/141047.127:ERROR:registration_protocol_win.cc(130)] TransactNamedPipe: O pipe foi finalizado. (0x6D)
[0120/141147.321:ERROR:registration_protocol_win.cc(130)] TransactNamedPipe: O pipe foi finalizado. (0x6D)
[0120/143923.813:ERROR:registration_protocol_win.cc(130)] TransactNamedPipe: O pipe foi finalizado. (0x6D)
[0120/144025.785:ERROR:registration_protocol_win.cc(130)] TransactNamedPipe: O pipe foi finalizado. (0x6D)
[0120/144515.462:ERROR:registration_protocol_win.cc(130)] TransactNamedPipe: O pipe foi finalizado. (0x6D)
[0120/152523.485:ERROR:registration_protocol_win.cc(130)] TransactNamedPipe: O pipe foi finalizado. (0x6D)
[0120/203727.007:ERROR:registration_protocol_win.cc(130)] TransactNamedPipe: O pipe foi finalizado. (0x6D)
[0120/203910.811:ERROR:registration_protocol_win.cc(130)] TransactNamedPipe: O pipe foi finalizado. (0x6D)
[0120/205524.247:ERROR:registration_protocol_win.cc(130)] TransactNamedPipe: O pipe foi finalizado. (0x6D)
[0120/205823.959:ERROR:registration_protocol_win.cc(130)] TransactNamedPipe: O pipe foi finalizado. (0x6D)
[0120/210118.087:ERROR:crashpad_client_win.cc(131)] crash server failed to launch, self-terminating
[0120/210130.322:ERROR:registration_protocol_win.cc(130)] TransactNamedPipe: O pipe foi finalizado. (0x6D)
[0120/210352.586:ERROR:registration_protocol_win.cc(130)] TransactNamedPipe: O pipe foi finalizado. (0x6D)
[0120/210609.844:ERROR:registration_protocol_win.cc(130)] TransactNamedPipe: O pipe foi finalizado. (0x6D)
[0120/210912.582:ERROR:registration_protocol_win.cc(130)] TransactNamedPipe: O pipe foi finalizado. (0x6D)
[0120/211600.481:ERROR:registration_protocol_win.cc(130)] TransactNamedPipe: O pipe foi finalizado. (0x6D)
[0120/211852.624:ERROR:registration_protocol_win.cc(130)] TransactNamedPipe: O pipe foi finalizado. (0x6D)
[0120/212148.336:ERROR:registration_protocol_win.cc(130)] TransactNamedPipe: O pipe foi finalizado. (0x6D)
[0120/212825.145:ERROR:registration_protocol_win.cc(130)] TransactNamedPipe: O pipe foi finalizado. (0x6D)
[0120/213141.248:ERROR:crashpad_client_win.cc(131)] crash server failed to launch, self-terminating
[0120/213211.294:ERROR:registration_protocol_win.cc(130)] TransactNamedPipe: O pipe foi finalizado. (0x6D)
[0120/213644.019:ERROR:registration_protocol_win.cc(130)] TransactNamedPipe: O pipe foi finalizado. (0x6D)
[0120/213904.813:ERROR:registration_protocol_win.cc(130)] TransactNamedPipe: O pipe foi finalizado. (0x6D)
[0120/214206.225:ERROR:registration_protocol_win.cc(130)] TransactNamedPipe: O pipe foi finalizado. (0x6D)
[0120/214337.524:ERROR:registration_protocol_win.cc(130)] TransactNamedPipe: O pipe foi finalizado. (0x6D)
[0120/214522.261:ERROR:registration_protocol_win.cc(130)] TransactNamedPipe: O pipe foi finalizado. (0x6D)
[0120/214642.898:ERROR:registration_protocol_win.cc(130)] TransactNamedPipe: O pipe foi finalizado. (0x6D)
[0120/214827.322:ERROR:registration_protocol_win.cc(130)] TransactNamedPipe: O pipe foi finalizado. (0x6D)
[0120/215513.480:ERROR:registration_protocol_win.cc(130)] TransactNamedPipe: O pipe foi finalizado. (0x6D)
[0120/215628.713:ERROR:registration_protocol_win.cc(130)] TransactNamedPipe: O pipe foi finalizado. (0x6D)
[0120/215734.996:ERROR:registration_protocol_win.cc(130)] TransactNamedPipe: O pipe foi finalizado. (0x6D)
[0120/215830.437:ERROR:registration_protocol_win.cc(130)] TransactNamedPipe: O pipe foi finalizado. (0x6D)
[0120/215923.976:ERROR:registration_protocol_win.cc(130)] TransactNamedPipe: O pipe foi finalizado. (0x6D)
[0120/220018.488:ERROR:registration_protocol_win.cc(130)] TransactNamedPipe: O pipe foi finalizado. (0x6D)
[0120/220144.520:ERROR:registration_protocol_win.cc(130)] TransactNamedPipe: O pipe foi finalizado. (0x6D)
[0120/220357.851:ERROR:registration_protocol_win.cc(130)] TransactNamedPipe: O pipe foi finalizado. (0x6D)
[0120/220557.667:ERROR:registration_protocol_win.cc(130)] TransactNamedPipe: O pipe foi finalizado. (0x6D)
[0120/220803.596:ERROR:registration_protocol_win.cc(130)] TransactNamedPipe: O pipe foi finalizado. (0x6D)
[0120/221157.296:ERROR:crashpad_client_win.cc(131)] crash server failed to launch, self-terminating
[0120/221204.798:ERROR:registration_protocol_win.cc(130)] TransactNamedPipe: O pipe foi finalizado. (0x6D)
[0120/221341.647:ERROR:crashpad_client_win.cc(131)] crash server failed to launch, self-terminating
[0120/221512.231:ERROR:registration_protocol_win.cc(130)] TransactNamedPipe: O pipe foi finalizado. (0x6D)
[0120/221749.432:ERROR:registration_protocol_win.cc(130)] TransactNamedPipe: O pipe foi finalizado. (0x6D)
[0121/092442.868:ERROR:registration_protocol_win.cc(130)] TransactNamedPipe: O pipe foi finalizado. (0x6D)
[0121/092510.481:ERROR:registration_protocol_win.cc(130)] TransactNamedPipe: O pipe foi finalizado. (0x6D)
[0121/092948.898:ERROR:registration_protocol_win.cc(130)] TransactNamedPipe: O pipe foi finalizado. (0x6D)
[0121/093010.281:ERROR:registration_protocol_win.cc(130)] TransactNamedPipe: O pipe foi finalizado. (0x6D)
[0121/104847.079:ERROR:registration_protocol_win.cc(130)] TransactNamedPipe: O pipe foi finalizado. (0x6D)
[0121/104946.255:ERROR:registration_protocol_win.cc(130)] TransactNamedPipe: O pipe foi finalizado. (0x6D)
[0121/113126.869:ERROR:registration_protocol_win.cc(130)] TransactNamedPipe: O pipe foi finalizado. (0x6D)
[0121/113137.654:ERROR:registration_protocol_win.cc(130)] TransactNamedPipe: O pipe foi finalizado. (0x6D)
[0121/113336.249:ERROR:registration_protocol_win.cc(130)] TransactNamedPipe: O pipe foi finalizado. (0x6D)
[0121/113432.353:ERROR:registration_protocol_win.cc(130)] TransactNamedPipe: O pipe foi finalizado. (0x6D)
[0121/113800.595:ERROR:registration_protocol_win.cc(130)] TransactNamedPipe: O pipe foi finalizado. (0x6D)
[0121/113900.635:ERROR:registration_protocol_win.cc(130)] TransactNamedPipe: O pipe foi finalizado. (0x6D)
[0121/115745.826:ERROR:registration_protocol_win.cc(130)] TransactNamedPipe: O pipe foi finalizado. (0x6D)
[0121/115835.578:ERROR:registration_protocol_win.cc(130)] TransactNamedPipe: O pipe foi finalizado. (0x6D)
[0121/122006.469:ERROR:registration_protocol_win.cc(130)] TransactNamedPipe: O pipe foi finalizado. (0x6D)
[0121/122103.744:ERROR:registration_protocol_win.cc(130)] TransactNamedPipe: O pipe foi finalizado. (0x6D)
[0121/122825.852:ERROR:registration_protocol_win.cc(130)] TransactNamedPipe: O pipe foi finalizado. (0x6D)
[0121/122920.497:ERROR:registration_protocol_win.cc(130)] TransactNamedPipe: O pipe foi finalizado. (0x6D)
[0121/123328.389:ERROR:registration_protocol_win.cc(130)] TransactNamedPipe: O pipe foi finalizado. (0x6D)
[0121/123419.536:ERROR:registration_protocol_win.cc(130)] TransactNamedPipe: O pipe foi finalizado. (0x6D)
[0121/123943.906:ERROR:registration_protocol_win.cc(130)] TransactNamedPipe: O pipe foi finalizado. (0x6D)
[0121/124024.380:ERROR:registration_protocol_win.cc(130)] TransactNamedPipe: O pipe foi finalizado. (0x6D)
[0121/124559.954:ERROR:registration_protocol_win.cc(130)] TransactNamedPipe: O pipe foi finalizado. (0x6D)
[0121/124731.525:ERROR:registration_protocol_win.cc(130)] TransactNamedPipe: O pipe foi finalizado. (0x6D)
[0121/130012.874:ERROR:registration_protocol_win.cc(130)] TransactNamedPipe: O pipe foi finalizado. (0x6D)
[0121/130131.028:ERROR:registration_protocol_win.cc(130)] TransactNamedPipe: O pipe foi finalizado. (0x6D)
[0121/150711.237:ERROR:registration_protocol_win.cc(130)] TransactNamedPipe: O pipe foi finalizado. (0x6D)
[0121/150846.368:ERROR:registration_protocol_win.cc(130)] TransactNamedPipe: O pipe foi finalizado. (0x6D)
[0121/151515.056:ERROR:registration_protocol_win.cc(130)] TransactNamedPipe: O pipe foi finalizado. (0x6D)
[0121/151556.543:ERROR:crashpad_client_win.cc(131)] crash server failed to launch, self-terminating
[0121/151733.861:ERROR:registration_protocol_win.cc(130)] TransactNamedPipe: O pipe foi finalizado. (0x6D)
[0121/155656.678:ERROR:registration_protocol_win.cc(130)] TransactNamedPipe: O pipe foi finalizado. (0x6D)
[0121/160043.753:ERROR:registration_protocol_win.cc(130)] TransactNamedPipe: O pipe foi finalizado. (0x6D)
[0121/160507.167:ERROR:registration_protocol_win.cc(130)] TransactNamedPipe: O pipe foi finalizado. (0x6D)
[0121/162226.074:ERROR:registration_protocol_win.cc(130)] TransactNamedPipe: O pipe foi finalizado. (0x6D)
[0121/163728.713:ERROR:registration_protocol_win.cc(130)] TransactNamedPipe: O pipe foi finalizado. (0x6D)
[0121/164247.893:ERROR:registration_protocol_win.cc(130)] TransactNamedPipe: O pipe foi finalizado. (0x6D)
[0121/164431.514:ERROR:registration_protocol_win.cc(130)] TransactNamedPipe: O pipe foi finalizado. (0x6D)
[0121/165212.348:ERROR:registration_protocol_win.cc(130)] TransactNamedPipe: O pipe foi finalizado. (0x6D)
[0121/165723.229:ERROR:registration_protocol_win.cc(130)] TransactNamedPipe: O pipe foi finalizado. (0x6D)
[0121/170427.803:ERROR:registration_protocol_win.cc(130)] TransactNamedPipe: O pipe foi finalizado. (0x6D)
[0121/172201.992:ERROR:registration_protocol_win.cc(130)] TransactNamedPipe: O pipe foi finalizado. (0x6D)
[0121/172421.699:ERROR:registration_protocol_win.cc(130)] TransactNamedPipe: O pipe foi finalizado. (0x6D)
[0122/120145.289:ERROR:registration_protocol_win.cc(130)] TransactNamedPipe: O pipe foi finalizado. (0x6D)
[0122/130207.649:ERROR:registration_protocol_win.cc(130)] TransactNamedPipe: O pipe foi finalizado. (0x6D)
[0122/131228.572:ERROR:registration_protocol_win.cc(130)] TransactNamedPipe: O pipe foi finalizado. (0x6D)
[0122/131904.079:ERROR:registration_protocol_win.cc(130)] TransactNamedPipe: O pipe foi finalizado. (0x6D)
[0122/144003.938:ERROR:registration_protocol_win.cc(130)] TransactNamedPipe: O pipe foi finalizado. (0x6D)
[0122/145344.291:ERROR:registration_protocol_win.cc(130)] TransactNamedPipe: O pipe foi finalizado. (0x6D)
[0122/145656.734:ERROR:registration_protocol_win.cc(130)] TransactNamedPipe: O pipe foi finalizado. (0x6D)
[0122/145843.041:ERROR:registration_protocol_win.cc(130)] TransactNamedPipe: O pipe foi finalizado. (0x6D)
[0122/150121.035:ERROR:registration_protocol_win.cc(130)] TransactNamedPipe: O pipe foi finalizado. (0x6D)
[0122/150750.872:ERROR:registration_protocol_win.cc(130)] TransactNamedPipe: O pipe foi finalizado. (0x6D)
[0122/151132.505:ERROR:registration_protocol_win.cc(130)] TransactNamedPipe: O pipe foi finalizado. (0x6D)
[0122/151503.687:ERROR:registration_protocol_win.cc(130)] TransactNamedPipe: O pipe foi finalizado. (0x6D)
[0122/153741.326:ERROR:registration_protocol_win.cc(130)] TransactNamedPipe: O pipe foi finalizado. (0x6D)
[0122/154055.016:ERROR:registration_protocol_win.cc(130)] TransactNamedPipe: O pipe foi finalizado. (0x6D)
[0122/155347.132:ERROR:registration_protocol_win.cc(130)] TransactNamedPipe: O pipe foi finalizado. (0x6D)
[0122/201130.445:ERROR:registration_protocol_win.cc(130)] TransactNamedPipe: O pipe foi finalizado. (0x6D)
[0122/202213.836:ERROR:registration_protocol_win.cc(130)] TransactNamedPipe: O pipe foi finalizado. (0x6D)
[0122/203200.430:ERROR:registration_protocol_win.cc(130)] TransactNamedPipe: O pipe foi finalizado. (0x6D)
[0122/203452.487:ERROR:registration_protocol_win.cc(130)] TransactNamedPipe: O pipe foi finalizado. (0x6D)
[0122/203848.057:ERROR:registration_protocol_win.cc(130)] TransactNamedPipe: O pipe foi finalizado. (0x6D)
[0122/204617.312:ERROR:registration_protocol_win.cc(130)] TransactNamedPipe: O pipe foi finalizado. (0x6D)
[0122/204933.110:ERROR:crashpad_client_win.cc(131)] crash server failed to launch, self-terminating
[0122/205055.450:ERROR:registration_protocol_win.cc(130)] TransactNamedPipe: O pipe foi finalizado. (0x6D)
[0122/205300.552:ERROR:crashpad_client_win.cc(131)] crash server failed to launch, self-terminating
[0122/205306.183:ERROR:registration_protocol_win.cc(130)] TransactNamedPipe: O pipe foi finalizado. (0x6D)
[0122/205619.988:ERROR:registration_protocol_win.cc(130)] TransactNamedPipe: O pipe foi finalizado. (0x6D)
[0122/205739.241:ERROR:registration_protocol_win.cc(130)] TransactNamedPipe: O pipe foi finalizado. (0x6D)
[0122/210335.767:ERROR:registration_protocol_win.cc(130)] TransactNamedPipe: O pipe foi finalizado. (0x6D)
[0122/210955.342:ERROR:registration_protocol_win.cc(130)] TransactNamedPipe: O pipe foi finalizado. (0x6D)
[0122/211256.843:ERROR:registration_protocol_win.cc(130)] TransactNamedPipe: O pipe foi finalizado. (0x6D)
[0122/211452.342:ERROR:registration_protocol_win.cc(130)] TransactNamedPipe: O pipe foi finalizado. (0x6D)
[0122/211730.293:ERROR:registration_protocol_win.cc(130)] TransactNamedPipe: O pipe foi finalizado. (0x6D)
[0122/212207.804:ERROR:registration_protocol_win.cc(130)] TransactNamedPipe: O pipe foi finalizado. (0x6D)
[0122/212323.830:ERROR:registration_protocol_win.cc(130)] TransactNamedPipe: O pipe foi finalizado. (0x6D)
[0122/212532.648:ERROR:registration_protocol_win.cc(130)] TransactNamedPipe: O pipe foi finalizado. (0x6D)
[0122/213317.155:ERROR:registration_protocol_win.cc(130)] TransactNamedPipe: O pipe foi finalizado. (0x6D)
[0122/213922.278:ERROR:registration_protocol_win.cc(130)] TransactNamedPipe: O pipe foi finalizado. (0x6D)
[0122/215357.044:ERROR:registration_protocol_win.cc(130)] TransactNamedPipe: O pipe foi finalizado. (0x6D)
[0122/215953.969:ERROR:registration_protocol_win.cc(130)] TransactNamedPipe: O pipe foi finalizado. (0x6D)
[0122/221616.569:ERROR:registration_protocol_win.cc(130)] TransactNamedPipe: O pipe foi finalizado. (0x6D)
[0122/222004.003:ERROR:registration_protocol_win.cc(130)] TransactNamedPipe: O pipe foi finalizado. (0x6D)
[0122/222102.027:ERROR:registration_protocol_win.cc(130)] TransactNamedPipe: O pipe foi finalizado. (0x6D)
[0122/222530.765:ERROR:registration_protocol_win.cc(130)] TransactNamedPipe: O pipe foi finalizado. (0x6D)
[0122/222923.366:ERROR:registration_protocol_win.cc(130)] TransactNamedPipe: O pipe foi finalizado. (0x6D)
[0126/151809.115:ERROR:registration_protocol_win.cc(130)] TransactNamedPipe: O pipe foi finalizado. (0x6D)
[0126/152352.758:ERROR:registration_protocol_win.cc(130)] TransactNamedPipe: O pipe foi finalizado. (0x6D)
[0126/152603.463:ERROR:registration_protocol_win.cc(130)] TransactNamedPipe: O pipe foi finalizado. (0x6D)
[0126/152906.327:ERROR:registration_protocol_win.cc(130)] TransactNamedPipe: O pipe foi finalizado. (0x6D)
[0126/153250.953:ERROR:registration_protocol_win.cc(130)] TransactNamedPipe: O pipe foi finalizado. (0x6D)
[0126/153732.253:ERROR:registration_protocol_win.cc(130)] TransactNamedPipe: O pipe foi finalizado. (0x6D)
[0126/154458.152:ERROR:registration_protocol_win.cc(130)] TransactNamedPipe: O pipe foi finalizado. (0x6D)
[0126/154648.764:ERROR:registration_protocol_win.cc(130)] TransactNamedPipe: O pipe foi finalizado. (0x6D)
[0126/155146.239:ERROR:registration_protocol_win.cc(130)] TransactNamedPipe: O pipe foi finalizado. (0x6D)
[0126/155433.198:ERROR:registration_protocol_win.cc(130)] TransactNamedPipe: O pipe foi finalizado. (0x6D)
[0126/155601.299:ERROR:registration_protocol_win.cc(130)] TransactNamedPipe: O pipe foi finalizado. (0x6D)
[0126/155737.517:ERROR:registration_protocol_win.cc(130)] TransactNamedPipe: O pipe foi finalizado. (0x6D)
[0126/160033.809:ERROR:registration_protocol_win.cc(130)] TransactNamedPipe: O pipe foi finalizado. (0x6D)
[0126/160229.471:ERROR:registration_protocol_win.cc(130)] TransactNamedPipe: O pipe foi finalizado. (0x6D)
[0126/161056.446:ERROR:registration_protocol_win.cc(130)] TransactNamedPipe: O pipe foi finalizado. (0x6D)
[0126/161648.013:ERROR:registration_protocol_win.cc(130)] TransactNamedPipe: O pipe foi finalizado. (0x6D)
[0126/161829.468:ERROR:registration_protocol_win.cc(130)] TransactNamedPipe: O pipe foi finalizado. (0x6D)
[0126/163451.848:ERROR:registration_protocol_win.cc(130)] TransactNamedPipe: O pipe foi finalizado. (0x6D)
[0126/174424.847:ERROR:registration_protocol_win.cc(130)] TransactNamedPipe: O pipe foi finalizado. (0x6D)
